<html>
<head>
<title>TestNG:  Default test</title>
<link href="../testng.css" rel="stylesheet" type="text/css" />
<link href="../my-testng.css" rel="stylesheet" type="text/css" />

<style type="text/css">
.log { display: none;} 
.stack-trace { display: none;} 
</style>
<script type="text/javascript">
<!--
function flip(e) {
  current = e.style.display;
  if (current == 'block') {
    e.style.display = 'none';
    return 0;
  }
  else {
    e.style.display = 'block';
    return 1;
  }
}

function toggleBox(szDivId, elem, msg1, msg2)
{
  var res = -1;  if (document.getElementById) {
    res = flip(document.getElementById(szDivId));
  }
  else if (document.all) {
    // this is the way old msie versions work
    res = flip(document.all[szDivId]);
  }
  if(elem) {
    if(res == 0) elem.innerHTML = msg1; else elem.innerHTML = msg2;
  }

}

function toggleAllBoxes() {
  if (document.getElementsByTagName) {
    d = document.getElementsByTagName('div');
    for (i = 0; i < d.length; i++) {
      if (d[i].className == 'log') {
        flip(d[i]);
      }
    }
  }
}

// -->
</script>

</head>
<body>
<h2 align='center'>Default test</h2><table border='1' align="center">
<tr>
<td>Tests passed/Failed/Skipped:</td><td>10/1/0</td>
</tr><tr>
<td>Started on:</td><td>Mon Sep 16 21:54:54 IST 2024</td>
</tr>
<tr><td>Total time:</td><td>264 seconds (264438 ms)</td>
</tr><tr>
<td>Included groups:</td><td></td>
</tr><tr>
<td>Excluded groups:</td><td></td>
</tr>
</table><p/>
<small><i>(Hover the method name to see the test class name)</i></small><p/>
<table width='100%' border='1' class='invocation-failed'>
<tr><td colspan='4' align='center'><b>FAILED TESTS</b></td></tr>
<tr><td><b>Test method</b></td>
<td><b>Attribute(s)</b></td>
<td width="30%"><b>Exception</b></td>
<td width="10%"><b>Time (seconds)</b></td>
<td><b>Instance</b></td>
</tr>
<tr>
<td title='Maven_Cucumber.suaceAutomation.AppTest.runScenario()'><b>runScenario</b><br>Test class: Maven_Cucumber.suaceAutomation.AppTest<br>Test method: Runs Cucumber Scenarios<br>Parameters: "Verify Product Details", "Product page Functionality"</td>
<td><div><pre>java.lang.AssertionError: expected [true] but found [false]
	at org.testng.Assert.fail(Assert.java:111)
	at org.testng.Assert.failNotEquals(Assert.java:1578)
	at org.testng.Assert.assertTrue(Assert.java:57)
	at org.testng.Assert.assertTrue(Assert.java:67)
	at stepdefination.ProductSD.user_clicks_on_the_product(ProductSD.java:128)
	at ✽.User clicks on the product &quot;Sauce Labs Backpack&quot;(file:///C:/Users/acer/eclipse-workspace/suaceAutomation/src/test/java/features/product.feature:13)
</pre></div><a href='#' onClick='toggleBox("stack-trace2086062353", this, "Click to show all stack frames", "Click to hide stack frames")'>Click to show all stack frames</a>
<div class='stack-trace' id='stack-trace2086062353'><pre>java.lang.AssertionError: expected [true] but found [false]
	at org.testng.Assert.fail(Assert.java:111)
	at org.testng.Assert.failNotEquals(Assert.java:1578)
	at org.testng.Assert.assertTrue(Assert.java:57)
	at org.testng.Assert.assertTrue(Assert.java:67)
	at stepdefination.ProductSD.user_clicks_on_the_product(ProductSD.java:128)
	at ✽.User clicks on the product &quot;Sauce Labs Backpack&quot;(file:///C:/Users/acer/eclipse-workspace/suaceAutomation/src/test/java/features/product.feature:13)
</pre></div></td>
<td>10</td>
<td>Maven_Cucumber.suaceAutomation.AppTest@821330f</td></tr>
</table><p>
<table width='100%' border='1' class='invocation-passed'>
<tr><td colspan='4' align='center'><b>PASSED TESTS</b></td></tr>
<tr><td><b>Test method</b></td>
<td><b>Attribute(s)</b></td>
<td width="30%"><b>Exception</b></td>
<td width="10%"><b>Time (seconds)</b></td>
<td><b>Instance</b></td>
</tr>
<tr>
<td title='Maven_Cucumber.suaceAutomation.AppTest.runScenario()'><b>runScenario</b><br>Test class: Maven_Cucumber.suaceAutomation.AppTest<br>Test method: Runs Cucumber Scenarios<br>Parameters: "Verify valid login", "Login Flow Scenarios"</td>
<td></td>
<td>9</td>
<td>Maven_Cucumber.suaceAutomation.AppTest@821330f</td></tr>
<tr>
<td title='Maven_Cucumber.suaceAutomation.AppTest.runScenario()'><b>runScenario</b><br>Test class: Maven_Cucumber.suaceAutomation.AppTest<br>Test method: Runs Cucumber Scenarios<br>Parameters: "Verify invalid login with empty fields", "Login Flow Scenarios"</td>
<td></td>
<td>39</td>
<td>Maven_Cucumber.suaceAutomation.AppTest@821330f</td></tr>
<tr>
<td title='Maven_Cucumber.suaceAutomation.AppTest.runScenario()'><b>runScenario</b><br>Test class: Maven_Cucumber.suaceAutomation.AppTest<br>Test method: Runs Cucumber Scenarios<br>Parameters: "Verify Add to Cart", "Product page Functionality"</td>
<td></td>
<td>24</td>
<td>Maven_Cucumber.suaceAutomation.AppTest@821330f</td></tr>
<tr>
<td title='Maven_Cucumber.suaceAutomation.AppTest.runScenario()'><b>runScenario</b><br>Test class: Maven_Cucumber.suaceAutomation.AppTest<br>Test method: Runs Cucumber Scenarios<br>Parameters: "Verify View Cart", "Cart Functionality"</td>
<td></td>
<td>30</td>
<td>Maven_Cucumber.suaceAutomation.AppTest@821330f</td></tr>
<tr>
<td title='Maven_Cucumber.suaceAutomation.AppTest.runScenario()'><b>runScenario</b><br>Test class: Maven_Cucumber.suaceAutomation.AppTest<br>Test method: Runs Cucumber Scenarios<br>Parameters: "Verify Product Visibility", "Product page Functionality"</td>
<td></td>
<td>10</td>
<td>Maven_Cucumber.suaceAutomation.AppTest@821330f</td></tr>
<tr>
<td title='Maven_Cucumber.suaceAutomation.AppTest.runScenario()'><b>runScenario</b><br>Test class: Maven_Cucumber.suaceAutomation.AppTest<br>Test method: Runs Cucumber Scenarios<br>Parameters: "Verify Checkout Process", "Cart Functionality"</td>
<td></td>
<td>25</td>
<td>Maven_Cucumber.suaceAutomation.AppTest@821330f</td></tr>
<tr>
<td title='Maven_Cucumber.suaceAutomation.AppTest.runScenario()'><b>runScenario</b><br>Test class: Maven_Cucumber.suaceAutomation.AppTest<br>Test method: Runs Cucumber Scenarios<br>Parameters: "Verify Remove Item from Cart", "Cart Functionality"</td>
<td></td>
<td>45</td>
<td>Maven_Cucumber.suaceAutomation.AppTest@821330f</td></tr>
<tr>
<td title='Maven_Cucumber.suaceAutomation.AppTest.runScenario()'><b>runScenario</b><br>Test class: Maven_Cucumber.suaceAutomation.AppTest<br>Test method: Runs Cucumber Scenarios<br>Parameters: "Verify Navigation Between Pages", "Navigation and Logout Functionality"</td>
<td></td>
<td>10</td>
<td>Maven_Cucumber.suaceAutomation.AppTest@821330f</td></tr>
<tr>
<td title='Maven_Cucumber.suaceAutomation.AppTest.runScenario()'><b>runScenario</b><br>Test class: Maven_Cucumber.suaceAutomation.AppTest<br>Test method: Runs Cucumber Scenarios<br>Parameters: "Verify Logout Functionality", "Navigation and Logout Functionality"</td>
<td></td>
<td>11</td>
<td>Maven_Cucumber.suaceAutomation.AppTest@821330f</td></tr>
<tr>
<td title='Maven_Cucumber.suaceAutomation.AppTest.runScenario()'><b>runScenario</b><br>Test class: Maven_Cucumber.suaceAutomation.AppTest<br>Test method: Runs Cucumber Scenarios<br>Parameters: "Verify invalid login with incorrect credentials", "Login Flow Scenarios"</td>
<td></td>
<td>39</td>
<td>Maven_Cucumber.suaceAutomation.AppTest@821330f</td></tr>
</table><p>
</body>
</html>