<?xml version="1.0" encoding="UTF-8"?>
<testng-results ignored="0" total="11" passed="10" failed="1" skipped="0">
  <reporter-output>
  </reporter-output>
  <suite started-at="2024-09-16T21:54:54 IST" name="Default suite" finished-at="2024-09-16T21:59:18 IST" duration-ms="264438">
    <groups>
      <group name="cucumber">
        <method signature="AbstractTestNGCucumberTests.runScenario(io.cucumber.testng.PickleWrapper,io.cucumber.testng.FeatureWrapper)[pri:0, instance:Maven_Cucumber.suaceAutomation.AppTest@821330f]" name="runScenario" class="io.cucumber.testng.AbstractTestNGCucumberTests"/>
      </group> <!-- cucumber -->
    </groups>
    <test started-at="2024-09-16T21:54:54 IST" name="Default test" finished-at="2024-09-16T21:59:18 IST" duration-ms="264438">
      <class name="Maven_Cucumber.suaceAutomation.AppTest">
        <test-method is-config="true" signature="setUpClass(org.testng.ITestContext)[pri:0, instance:Maven_Cucumber.suaceAutomation.AppTest@821330f]" started-at="2024-09-16T21:54:54 IST" name="setUpClass" finished-at="2024-09-16T21:54:58 IST" duration-ms="4303" status="PASS">
          <params>
            <param index="0">
              <value>
                <![CDATA[org.testng.TestRunner@7771c4e]]>
              </value>
            </param>
          </params>
          <reporter-output>
          </reporter-output>
        </test-method> <!-- setUpClass -->
        <test-method signature="runScenario(io.cucumber.testng.PickleWrapper,io.cucumber.testng.FeatureWrapper)[pri:0, instance:Maven_Cucumber.suaceAutomation.AppTest@821330f]" started-at="2024-09-16T21:54:58 IST" name="runScenario" description="Runs Cucumber Scenarios" data-provider="scenarios" finished-at="2024-09-16T21:55:29 IST" duration-ms="30870" status="PASS">
          <params>
            <param index="0">
              <value>
                <![CDATA["Verify View Cart"]]>
              </value>
            </param>
            <param index="1">
              <value>
                <![CDATA["Cart Functionality"]]>
              </value>
            </param>
          </params>
          <reporter-output>
          </reporter-output>
        </test-method> <!-- runScenario -->
        <test-method signature="runScenario(io.cucumber.testng.PickleWrapper,io.cucumber.testng.FeatureWrapper)[pri:0, instance:Maven_Cucumber.suaceAutomation.AppTest@821330f]" started-at="2024-09-16T21:55:29 IST" name="runScenario" description="Runs Cucumber Scenarios" data-provider="scenarios" finished-at="2024-09-16T21:56:14 IST" duration-ms="45003" status="PASS">
          <params>
            <param index="0">
              <value>
                <![CDATA["Verify Remove Item from Cart"]]>
              </value>
            </param>
            <param index="1">
              <value>
                <![CDATA["Cart Functionality"]]>
              </value>
            </param>
          </params>
          <reporter-output>
          </reporter-output>
        </test-method> <!-- runScenario -->
        <test-method signature="runScenario(io.cucumber.testng.PickleWrapper,io.cucumber.testng.FeatureWrapper)[pri:0, instance:Maven_Cucumber.suaceAutomation.AppTest@821330f]" started-at="2024-09-16T21:56:14 IST" name="runScenario" description="Runs Cucumber Scenarios" data-provider="scenarios" finished-at="2024-09-16T21:56:40 IST" duration-ms="25887" status="PASS">
          <params>
            <param index="0">
              <value>
                <![CDATA["Verify Checkout Process"]]>
              </value>
            </param>
            <param index="1">
              <value>
                <![CDATA["Cart Functionality"]]>
              </value>
            </param>
          </params>
          <reporter-output>
          </reporter-output>
        </test-method> <!-- runScenario -->
        <test-method signature="runScenario(io.cucumber.testng.PickleWrapper,io.cucumber.testng.FeatureWrapper)[pri:0, instance:Maven_Cucumber.suaceAutomation.AppTest@821330f]" started-at="2024-09-16T21:56:40 IST" name="runScenario" description="Runs Cucumber Scenarios" data-provider="scenarios" finished-at="2024-09-16T21:56:50 IST" duration-ms="9514" status="PASS">
          <params>
            <param index="0">
              <value>
                <![CDATA["Verify valid login"]]>
              </value>
            </param>
            <param index="1">
              <value>
                <![CDATA["Login Flow Scenarios"]]>
              </value>
            </param>
          </params>
          <reporter-output>
          </reporter-output>
        </test-method> <!-- runScenario -->
        <test-method signature="runScenario(io.cucumber.testng.PickleWrapper,io.cucumber.testng.FeatureWrapper)[pri:0, instance:Maven_Cucumber.suaceAutomation.AppTest@821330f]" started-at="2024-09-16T21:56:50 IST" name="runScenario" description="Runs Cucumber Scenarios" data-provider="scenarios" finished-at="2024-09-16T21:57:30 IST" duration-ms="39772" status="PASS">
          <params>
            <param index="0">
              <value>
                <![CDATA["Verify invalid login with incorrect credentials"]]>
              </value>
            </param>
            <param index="1">
              <value>
                <![CDATA["Login Flow Scenarios"]]>
              </value>
            </param>
          </params>
          <reporter-output>
          </reporter-output>
        </test-method> <!-- runScenario -->
        <test-method signature="runScenario(io.cucumber.testng.PickleWrapper,io.cucumber.testng.FeatureWrapper)[pri:0, instance:Maven_Cucumber.suaceAutomation.AppTest@821330f]" started-at="2024-09-16T21:57:30 IST" name="runScenario" description="Runs Cucumber Scenarios" data-provider="scenarios" finished-at="2024-09-16T21:58:09 IST" duration-ms="39063" status="PASS">
          <params>
            <param index="0">
              <value>
                <![CDATA["Verify invalid login with empty fields"]]>
              </value>
            </param>
            <param index="1">
              <value>
                <![CDATA["Login Flow Scenarios"]]>
              </value>
            </param>
          </params>
          <reporter-output>
          </reporter-output>
        </test-method> <!-- runScenario -->
        <test-method signature="runScenario(io.cucumber.testng.PickleWrapper,io.cucumber.testng.FeatureWrapper)[pri:0, instance:Maven_Cucumber.suaceAutomation.AppTest@821330f]" started-at="2024-09-16T21:58:09 IST" name="runScenario" description="Runs Cucumber Scenarios" data-provider="scenarios" finished-at="2024-09-16T21:58:19 IST" duration-ms="10562" status="PASS">
          <params>
            <param index="0">
              <value>
                <![CDATA["Verify Navigation Between Pages"]]>
              </value>
            </param>
            <param index="1">
              <value>
                <![CDATA["Navigation and Logout Functionality"]]>
              </value>
            </param>
          </params>
          <reporter-output>
          </reporter-output>
        </test-method> <!-- runScenario -->
        <test-method signature="runScenario(io.cucumber.testng.PickleWrapper,io.cucumber.testng.FeatureWrapper)[pri:0, instance:Maven_Cucumber.suaceAutomation.AppTest@821330f]" started-at="2024-09-16T21:58:19 IST" name="runScenario" description="Runs Cucumber Scenarios" data-provider="scenarios" finished-at="2024-09-16T21:58:30 IST" duration-ms="11113" status="PASS">
          <params>
            <param index="0">
              <value>
                <![CDATA["Verify Logout Functionality"]]>
              </value>
            </param>
            <param index="1">
              <value>
                <![CDATA["Navigation and Logout Functionality"]]>
              </value>
            </param>
          </params>
          <reporter-output>
          </reporter-output>
        </test-method> <!-- runScenario -->
        <test-method signature="runScenario(io.cucumber.testng.PickleWrapper,io.cucumber.testng.FeatureWrapper)[pri:0, instance:Maven_Cucumber.suaceAutomation.AppTest@821330f]" started-at="2024-09-16T21:58:30 IST" name="runScenario" description="Runs Cucumber Scenarios" data-provider="scenarios" finished-at="2024-09-16T21:58:41 IST" duration-ms="10472" status="PASS">
          <params>
            <param index="0">
              <value>
                <![CDATA["Verify Product Visibility"]]>
              </value>
            </param>
            <param index="1">
              <value>
                <![CDATA["Product page Functionality"]]>
              </value>
            </param>
          </params>
          <reporter-output>
          </reporter-output>
        </test-method> <!-- runScenario -->
        <test-method signature="runScenario(io.cucumber.testng.PickleWrapper,io.cucumber.testng.FeatureWrapper)[pri:0, instance:Maven_Cucumber.suaceAutomation.AppTest@821330f]" started-at="2024-09-16T21:58:41 IST" name="runScenario" description="Runs Cucumber Scenarios" data-provider="scenarios" finished-at="2024-09-16T21:58:51 IST" duration-ms="10549" status="FAIL">
          <params>
            <param index="0">
              <value>
                <![CDATA["Verify Product Details"]]>
              </value>
            </param>
            <param index="1">
              <value>
                <![CDATA["Product page Functionality"]]>
              </value>
            </param>
          </params>
          <exception class="java.lang.AssertionError">
            <message>
              <![CDATA[expected [true] but found [false]]]>
            </message>
            <full-stacktrace>
              <![CDATA[java.lang.AssertionError: expected [true] but found [false]
at org.testng.Assert.fail(Assert.java:111)
at org.testng.Assert.failNotEquals(Assert.java:1578)
at org.testng.Assert.assertTrue(Assert.java:57)
at org.testng.Assert.assertTrue(Assert.java:67)
at stepdefination.ProductSD.user_clicks_on_the_product(ProductSD.java:128)
at âœ½.User clicks on the product "Sauce Labs Backpack"(file:///C:/Users/acer/eclipse-workspace/suaceAutomation/src/test/java/features/product.feature:13)
]]>
            </full-stacktrace>
          </exception> <!-- java.lang.AssertionError -->
          <reporter-output>
          </reporter-output>
        </test-method> <!-- runScenario -->
        <test-method signature="runScenario(io.cucumber.testng.PickleWrapper,io.cucumber.testng.FeatureWrapper)[pri:0, instance:Maven_Cucumber.suaceAutomation.AppTest@821330f]" started-at="2024-09-16T21:58:51 IST" name="runScenario" description="Runs Cucumber Scenarios" data-provider="scenarios" finished-at="2024-09-16T21:59:16 IST" duration-ms="24967" status="PASS">
          <params>
            <param index="0">
              <value>
                <![CDATA["Verify Add to Cart"]]>
              </value>
            </param>
            <param index="1">
              <value>
                <![CDATA["Product page Functionality"]]>
              </value>
            </param>
          </params>
          <reporter-output>
          </reporter-output>
        </test-method> <!-- runScenario -->
        <test-method is-config="true" signature="tearDownClass()[pri:0, instance:Maven_Cucumber.suaceAutomation.AppTest@821330f]" started-at="2024-09-16T21:59:16 IST" name="tearDownClass" finished-at="2024-09-16T21:59:18 IST" duration-ms="2091" status="PASS">
          <reporter-output>
          </reporter-output>
        </test-method> <!-- tearDownClass -->
      </class> <!-- Maven_Cucumber.suaceAutomation.AppTest -->
    </test> <!-- Default test -->
  </suite> <!-- Default suite -->
</testng-results>
