<?xml version="1.0" encoding="UTF-8"?>
<!-- Generated by org.testng.reporters.JUnitReportReporter -->
<testsuite hostname="DESKTOP-TLRI4CF" failures="1" tests="11" name="Maven_Cucumber.suaceAutomation.AppTest" time="257.772" errors="0" timestamp="2024-09-16T21:59:20 IST" skipped="0">
  <testcase classname="Maven_Cucumber.suaceAutomation.AppTest" name="runScenario" time="9.514"/>
  <testcase classname="Maven_Cucumber.suaceAutomation.AppTest" name="runScenario" time="39.063"/>
  <testcase classname="Maven_Cucumber.suaceAutomation.AppTest" name="runScenario" time="24.967"/>
  <testcase classname="Maven_Cucumber.suaceAutomation.AppTest" name="runScenario" time="30.870"/>
  <testcase classname="Maven_Cucumber.suaceAutomation.AppTest" name="runScenario" time="10.472"/>
  <testcase classname="Maven_Cucumber.suaceAutomation.AppTest" name="runScenario" time="25.887"/>
  <testcase classname="Maven_Cucumber.suaceAutomation.AppTest" name="runScenario" time="10.549">
    <failure message="expected [true] but found [false]" type="java.lang.AssertionError">
      <![CDATA[java.lang.AssertionError: expected [true] but found [false]
at org.testng.Assert.fail(Assert.java:111)
at org.testng.Assert.failNotEquals(Assert.java:1578)
at org.testng.Assert.assertTrue(Assert.java:57)
at org.testng.Assert.assertTrue(Assert.java:67)
at stepdefination.ProductSD.user_clicks_on_the_product(ProductSD.java:128)
at âœ½.User clicks on the product "Sauce Labs Backpack"(file:///C:/Users/acer/eclipse-workspace/suaceAutomation/src/test/java/features/product.feature:13)
]]>
    </failure>
  </testcase> <!-- runScenario -->
  <testcase classname="Maven_Cucumber.suaceAutomation.AppTest" name="runScenario" time="45.003"/>
  <testcase classname="Maven_Cucumber.suaceAutomation.AppTest" name="runScenario" time="10.562"/>
  <testcase classname="Maven_Cucumber.suaceAutomation.AppTest" name="runScenario" time="11.113"/>
  <testcase classname="Maven_Cucumber.suaceAutomation.AppTest" name="runScenario" time="39.772"/>
</testsuite> <!-- Maven_Cucumber.suaceAutomation.AppTest -->
